time="2024-05-29T15:50:35+08:00" level=info msg="Reading configuration file /root/.cpolar/cpolar.yml"
time="2024-05-29T15:50:35+08:00" level=debug msg="没有启动守护进程，继续运行子进程"
time="2024-05-29T15:50:35+08:00" level=info msg="Reading configuration file /root/.cpolar/cpolar.yml"
time="2024-05-29T15:50:35+08:00" level=debug msg="New watchDog create, name: cpolard.cpolar.com:4443"
time="2024-05-29T15:50:35+08:00" level=info msg="[:client] Trusting root CAs: [tls/cpolarroot.crt]"
time="2024-05-29T15:50:35+08:00" level=debug msg="parentPID = 0"
time="2024-05-29T15:50:35+08:00" level=debug msg="currentPID = 8903"
time="2024-05-29T15:50:35+08:00" level=debug msg="check isTerminal"
time="2024-05-29T15:50:35+08:00" level=debug msg="Who are you?  You're not a terminal."
time="2024-05-29T15:50:35+08:00" level=info msg="[:view] [:website] Serving website interface on 127.0.0.1:4040"
time="2024-05-29T15:50:35+08:00" level=info msg="Dial:current try times 0"
time="2024-05-29T15:50:35+08:00" level=info msg="currentDNSServer = SYSTEM_DNS"
time="2024-05-29T15:50:35+08:00" level=debug msg="event <-updates"
time="2024-05-29T15:50:35+08:00" level=debug msg="[ctl:ctl:6be7e5b6] New connection to: 152.136.25.190:4443"
time="2024-05-29T15:50:35+08:00" level=debug msg="[ctl:ctl:6be7e5b6] Writing message: {\"Type\":\"SwitchAuth\",\"Payload\":{\"ReqId\":\"259b0ae38b5db163\",\"Version\":\"3\",\"MmVersion\":\"3.18\",\"User\":\"MzUzM2U0ZTctNTJlZC00MDM1LWIzMTMtNWY0OWE0MzU0NjUy\",\"Password\":\"\",\"OS\":\"linux\",\"Arch\":\"amd64\",\"ClientId\":\"\"}}"
time="2024-05-29T15:50:35+08:00" level=debug msg="[ctl:ctl:6be7e5b6] Waiting to read message"
time="2024-05-29T15:50:36+08:00" level=debug msg="[ctl:ctl:6be7e5b6] Reading message with length: 206"
time="2024-05-29T15:50:36+08:00" level=debug msg="[ctl:ctl:6be7e5b6] Read message {\"Type\":\"SwitchAuthResp\",\"Payload\":{\"ReqId\":\"259b0ae38b5db163\",\"Version\":\"3\",\"MmVersion\":\"3.22\",\"ClientId\":\"bd4a3d6a66cdd04377372fcfd1c61447\",\"Account\":\"CyberGimen\",\"Plan\":\"free\",\"Error\":\"\",\"StatusCode\":0}}"
time="2024-05-29T15:50:36+08:00" level=info msg="[:client] Authenticated with switch server, client id: bd4a3d6a66cdd04377372fcfd1c61447"
time="2024-05-29T15:50:36+08:00" level=debug msg="c.getIsReqRunTunnelRuntimeList=1"
time="2024-05-29T15:50:36+08:00" level=debug msg="startTunnel=default"
time="2024-05-29T15:50:36+08:00" level=debug msg="[ctl:ctl:6be7e5b6] Waiting to read message"
time="2024-05-29T15:50:36+08:00" level=debug msg="[ctl:ctl:6be7e5b6] Writing message: {\"Type\":\"SwitchReqTunnel\",\"Payload\":{\"ReqId\":\"e643a35915652f06\",\"Tunnels\":[{\"TunnelID\":\"657cb9cc-0b64-4d85-b559-9fcca9c2fdb8\",\"TunnelName\":\"default\",\"ReqId\":\"d5ea066ab3dd4604\",\"Protocol\":\"tcp\",\"Hostname\":\"\",\"Subdomain\":\"\",\"HttpAuth\":\"\",\"HostHeader\":\"\",\"RemotePort\":0,\"RemoteAddr\":\"\",\"Region\":\"\",\"TlsCrt\":\"\",\"TlsKey\":\"\",\"Metadata\":\"\",\"LocalAddr\":\"tcp://127.0.0.1:22\",\"DisableKeepAlives\":\"\",\"RedirectHttps\":\"\",\"TlsClientCrt\":\"\"}]}}"
time="2024-05-29T15:50:36+08:00" level=debug msg="[ctl:ctl:6be7e5b6] Reading message with length: 216"
time="2024-05-29T15:50:36+08:00" level=debug msg="[ctl:ctl:6be7e5b6] Read message {\"Type\":\"SwitchRespTunnel\",\"Payload\":{\"ReqId\":\"e643a35915652f06\",\"TunnelServer\":[{\"ReqId\":\"d5ea066ab3dd4604\",\"TunnelServerAddr\":\"cpolard.17.tcp.cpolar.top:4443\",\"Error\":\"\",\"StatusCode\":0}],\"Error\":\"\",\"StatusCode\":0}}"
time="2024-05-29T15:50:36+08:00" level=debug msg="[ctl:ctl:6be7e5b6] Waiting to read message"
time="2024-05-29T15:50:36+08:00" level=debug msg="New watchDog create, name: cpolard.17.tcp.cpolar.top:4443"
time="2024-05-29T15:50:36+08:00" level=info msg="[:tunnel server module] Trusting root CAs: [tls/cpolarroot.crt]"
time="2024-05-29T15:50:36+08:00" level=info msg="Dial:current try times 0"
time="2024-05-29T15:50:36+08:00" level=info msg="currentDNSServer = SYSTEM_DNS"
time="2024-05-29T15:50:36+08:00" level=debug msg="[tunnelServerCtl:tunnelServerCtl:1e48e84d] New connection to: 62.234.214.106:4443"
time="2024-05-29T15:50:36+08:00" level=debug msg="[tunnelServerCtl:tunnelServerCtl:1e48e84d] Writing message: {\"Type\":\"Auth\",\"Payload\":{\"ReqId\":\"\",\"Version\":\"3\",\"MmVersion\":\"3.18\",\"User\":\"MzUzM2U0ZTctNTJlZC00MDM1LWIzMTMtNWY0OWE0MzU0NjUy\",\"Password\":\"\",\"OS\":\"linux\",\"Arch\":\"amd64\",\"ClientId\":\"bd4a3d6a66cdd04377372fcfd1c61447\",\"RemoteAddr\":\"\"}}"
time="2024-05-29T15:50:36+08:00" level=debug msg="[tunnelServerCtl:tunnelServerCtl:1e48e84d] Waiting to read message"
time="2024-05-29T15:50:36+08:00" level=debug msg="[tunnelServerCtl:tunnelServerCtl:1e48e84d] Reading message with length: 147"
time="2024-05-29T15:50:36+08:00" level=debug msg="[tunnelServerCtl:tunnelServerCtl:1e48e84d] Read message {\"Type\":\"AuthResp\",\"Payload\":{\"ReqId\":\"\",\"Version\":\"3\",\"MmVersion\":\"3.22\",\"ClientId\":\"bd4a3d6a66cdd04377372fcfd1c61447\",\"Error\":\"\",\"StatusCode\":0}}"
time="2024-05-29T15:50:36+08:00" level=info msg="[:tunnel server module] Authenticated with tunnel server, client id: bd4a3d6a66cdd04377372fcfd1c61447"
time="2024-05-29T15:50:36+08:00" level=debug msg="[tunnelServerCtl:tunnelServerCtl:1e48e84d] Writing message: {\"Type\":\"ReqStartTunnel\",\"Payload\":{\"ReqId\":\"7cf6fb661714a793\",\"Tunnel\":{\"TunnelID\":\"657cb9cc-0b64-4d85-b559-9fcca9c2fdb8\",\"TunnelName\":\"default\",\"ReqId\":\"d5ea066ab3dd4604\",\"Protocol\":\"tcp\",\"Hostname\":\"\",\"Subdomain\":\"\",\"HttpAuth\":\"\",\"HostHeader\":\"\",\"RemotePort\":0,\"RemoteAddr\":\"\",\"Region\":\"\",\"TlsCrt\":\"\",\"TlsKey\":\"\",\"Metadata\":\"\",\"LocalAddr\":\"tcp://127.0.0.1:22\",\"DisableKeepAlives\":\"\",\"RedirectHttps\":\"\",\"TlsClientCrt\":\"\"}}}"
time="2024-05-29T15:50:36+08:00" level=debug msg="event <-updates"
time="2024-05-29T15:50:36+08:00" level=debug msg="TunnelServerMode = bd4a3d6a66cdd04377372fcfd1c61447 statusLock.Broadcast()"
time="2024-05-29T15:50:36+08:00" level=debug msg="set tunnel server init = true"
time="2024-05-29T15:50:36+08:00" level=debug msg="[tunnelServerCtl:tunnelServerCtl:1e48e84d] Waiting to read message"
time="2024-05-29T15:50:36+08:00" level=debug msg="[tunnelServerCtl:tunnelServerCtl:1e48e84d] Reading message with length: 42"
time="2024-05-29T15:50:36+08:00" level=debug msg="[tunnelServerCtl:tunnelServerCtl:1e48e84d] Read message {\"Type\":\"ReqProxy\",\"Payload\":{\"ReqId\":\"\"}}"
time="2024-05-29T15:50:36+08:00" level=debug msg="[tunnelServerCtl:tunnelServerCtl:1e48e84d] Waiting to read message"
time="2024-05-29T15:50:36+08:00" level=info msg="Dial:current try times 0"
time="2024-05-29T15:50:36+08:00" level=info msg="currentDNSServer = SYSTEM_DNS"
time="2024-05-29T15:50:36+08:00" level=debug msg="[pxy:pxy:6e47cab2] New connection to: 62.234.214.106:4443"
time="2024-05-29T15:50:36+08:00" level=debug msg="[pxy:pxy:6e47cab2] Writing message: {\"Type\":\"RegProxy\",\"Payload\":{\"ReqId\":\"\",\"ClientId\":\"bd4a3d6a66cdd04377372fcfd1c61447\"}}"
time="2024-05-29T15:50:36+08:00" level=debug msg="[pxy:pxy:6e47cab2] Waiting to read message"
time="2024-05-29T15:50:37+08:00" level=debug msg="[tunnelServerCtl:tunnelServerCtl:1e48e84d] Reading message with length: 256"
time="2024-05-29T15:50:37+08:00" level=debug msg="[tunnelServerCtl:tunnelServerCtl:1e48e84d] Read message {\"Type\":\"NewTunnel\",\"Payload\":{\"ID\":\"657cb9cc-0b64-4d85-b559-9fcca9c2fdb8\",\"TunnelName\":\"default\",\"HostHeader\":\"\",\"ReqId\":\"d5ea066ab3dd4604\",\"Url\":\"tcp://17.tcp.cpolar.top:12900\",\"Protocol\":\"tcp\",\"LocalAddr\":\"tcp://127.0.0.1:22\",\"Error\":\"\",\"StatusCode\":0}}"
time="2024-05-29T15:50:37+08:00" level=debug msg="[tunnelServerCtl:tunnelServerCtl:1e48e84d] Waiting to read message"
time="2024-05-29T15:50:37+08:00" level=debug msg="[tunnelServerCtl:tunnelServerCtl:1e48e84d] Reading message with length: 377"
time="2024-05-29T15:50:37+08:00" level=debug msg="[tunnelServerCtl:tunnelServerCtl:1e48e84d] Read message {\"Type\":\"RespStartTunnel\",\"Payload\":{\"ReqId\":\"7cf6fb661714a793\",\"TunnelItems\":[{\"ID\":\"657cb9cc-0b64-4d85-b559-9fcca9c2fdb8\",\"TunnelName\":\"default\",\"HostHeader\":\"\",\"ReqId\":\"d5ea066ab3dd4604\",\"Url\":\"tcp://17.tcp.cpolar.top:12900\",\"Protocol\":\"tcp\",\"LocalAddr\":\"tcp://127.0.0.1:22\",\"Error\":\"\",\"StatusCode\":0}],\"PublicUrl\":\"tcp://17.tcp.cpolar.top:12900\",\"Error\":\"\",\"StatusCode\":0}}"
time="2024-05-29T15:50:37+08:00" level=debug msg=7cf6fb661714a793
time="2024-05-29T15:50:37+08:00" level=debug msg="[tunnelServerCtl:tunnelServerCtl:1e48e84d] Waiting to read message"
time="2024-05-29T15:50:37+08:00" level=info msg="[:tunnel server module] Tunnel established at tcp://17.tcp.cpolar.top:12900"
time="2024-05-29T15:50:37+08:00" level=debug msg="connOnline update flash start"
time="2024-05-29T15:50:37+08:00" level=debug msg="event <-updates"
time="2024-05-29T15:50:37+08:00" level=debug msg="event <-updates"
time="2024-05-29T15:50:37+08:00" level=debug msg="connOnline update flash end"
time="2024-05-29T15:50:37+08:00" level=debug msg="ctl init control func exit"
time="2024-05-29T15:50:37+08:00" level=debug msg="start checkUserInfoChange"
time="2024-05-29T15:50:37+08:00" level=debug msg="init control wait start"
time="2024-05-29T15:50:37+08:00" level=debug msg="event <-updates"
